[INFO ] 2024-04-28 23:58:25.790 [main] LoggerLoad - ....................Launched the browser....................
[INFO ] 2024-04-28 23:58:28.155 [main] LoggerLoad - ....................Launched the URL....................
[INFO ] 2024-04-28 23:58:28.479 [main] LoggerLoad - ....................Given INVALID URL....................
[INFO ] 2024-04-28 23:58:28.506 [main] LoggerLoad - ....................Page not found error....................
[INFO ] 2024-04-28 23:58:28.638 [main] LoggerLoad - ....................Launched the browser....................
[INFO ] 2024-04-28 23:58:29.270 [main] LoggerLoad - ....................Launched the URL....................
[INFO ] 2024-04-28 23:58:39.319 [main] LoggerLoad - ....................checked if link is broken....................
[INFO ] 2024-04-28 23:58:39.339 [main] LoggerLoad - ....................Launched the browser....................
[INFO ] 2024-04-28 23:58:39.848 [main] LoggerLoad - ....................Launched the URL....................
[INFO ] 2024-04-28 23:58:39.858 [main] LoggerLoad - ....................Landed on home page....................
[INFO ] 2024-04-28 23:58:39.879 [main] LoggerLoad - ....................Launched the browser....................
[INFO ] 2024-04-28 23:58:40.366 [main] LoggerLoad - ....................Launched the URL....................
[INFO ] 2024-04-28 23:58:40.522 [main] LoggerLoad - ....................Checked correct spellings....................
[INFO ] 2024-04-28 23:58:40.543 [main] LoggerLoad - ....................Launched the browser....................
[INFO ] 2024-04-28 23:58:40.977 [main] LoggerLoad - ....................Launched the URL....................
[INFO ] 2024-04-28 23:58:41.004 [main] LoggerLoad - ....................Checked logo....................
[INFO ] 2024-04-28 23:58:41.025 [main] LoggerLoad - ....................Launched the browser....................
[INFO ] 2024-04-28 23:58:41.375 [main] LoggerLoad - ....................Launched the URL....................
[INFO ] 2024-04-28 23:58:41.392 [main] LoggerLoad - ....................Checked Paragraph content....................
[INFO ] 2024-04-28 23:58:41.419 [main] LoggerLoad - ....................Launched the browser....................
[INFO ] 2024-04-28 23:58:41.807 [main] LoggerLoad - ....................Launched the URL....................
[INFO ] 2024-04-28 23:58:41.842 [main] LoggerLoad - ....................Launched the browser....................
[INFO ] 2024-04-28 23:58:42.242 [main] LoggerLoad - ....................Launched the URL....................
[INFO ] 2024-04-28 23:58:42.263 [main] LoggerLoad - ....................Checked string in first textbox....................
[INFO ] 2024-04-28 23:58:42.289 [main] LoggerLoad - ....................Launched the browser....................
[INFO ] 2024-04-28 23:58:42.630 [main] LoggerLoad - ....................Launched the URL....................
[INFO ] 2024-04-28 23:58:42.656 [main] LoggerLoad - ....................Checked star in first textbox....................
[INFO ] 2024-04-28 23:58:42.676 [main] LoggerLoad - ....................Launched the browser....................
[INFO ] 2024-04-28 23:58:43.182 [main] LoggerLoad - ....................Launched the URL....................
[INFO ] 2024-04-28 23:58:43.241 [main] LoggerLoad - ....................Checked string in second textbox....................
[INFO ] 2024-04-28 23:58:43.267 [main] LoggerLoad - ....................Launched the browser....................
[INFO ] 2024-04-28 23:58:43.690 [main] LoggerLoad - ....................Launched the URL....................
[INFO ] 2024-04-28 23:58:43.712 [main] LoggerLoad - ....................Checked star in second textbox....................
[INFO ] 2024-04-28 23:58:43.731 [main] LoggerLoad - ....................Launched the browser....................
[INFO ] 2024-04-28 23:58:44.049 [main] LoggerLoad - ....................Launched the URL....................
[INFO ] 2024-04-28 23:58:44.092 [main] LoggerLoad - ....................Checked position of textboxes....................
[INFO ] 2024-04-28 23:58:44.139 [main] LoggerLoad - ....................Launched the browser....................
[INFO ] 2024-04-28 23:58:44.416 [main] LoggerLoad - ....................Launched the URL....................
[INFO ] 2024-04-28 23:58:44.438 [main] LoggerLoad - ....................Checked if button exists....................
[INFO ] 2024-04-28 23:58:44.455 [main] LoggerLoad - ....................Launched the browser....................
[INFO ] 2024-04-28 23:58:44.735 [main] LoggerLoad - ....................Launched the URL....................
[INFO ] 2024-04-28 23:58:44.759 [main] LoggerLoad - ....................Checked position of button....................
[INFO ] 2024-04-28 23:58:44.774 [main] LoggerLoad - ....................Launched the browser....................
[INFO ] 2024-04-28 23:58:45.082 [main] LoggerLoad - ....................Launched the URL....................
[INFO ] 2024-04-28 23:58:45.108 [main] LoggerLoad - ....................Checked color of user text....................
[INFO ] 2024-04-28 23:58:45.132 [main] LoggerLoad - ....................Launched the browser....................
[INFO ] 2024-04-28 23:58:45.457 [main] LoggerLoad - ....................Launched the URL....................
[INFO ] 2024-04-28 23:58:45.478 [main] LoggerLoad - ....................Checked color of password text....................
[INFO ] 2024-04-28 23:58:45.495 [main] LoggerLoad - ....................Launched the browser....................
[INFO ] 2024-04-28 23:58:45.803 [main] LoggerLoad - ....................Launched the URL....................
[INFO ] 2024-04-28 23:58:45.806 [main] LoggerLoad - ....................Checked for home page....................
[INFO ] 2024-04-28 23:58:46.220 [main] LoggerLoad - ....................entered VALID credentials for login....................
[INFO ] 2024-04-28 23:58:46.241 [main] LoggerLoad - ....................checked for dashboard page....................
[INFO ] 2024-04-28 23:58:46.259 [main] LoggerLoad - ....................Launched the browser....................
[INFO ] 2024-04-28 23:58:46.688 [main] LoggerLoad - ....................Launched the URL....................
[INFO ] 2024-04-28 23:58:46.691 [main] LoggerLoad - ....................Checked for home page....................
[INFO ] 2024-04-28 23:58:46.983 [main] LoggerLoad - ....................entered INVALID credentials for login....................
[INFO ] 2024-04-28 23:58:47.023 [main] LoggerLoad - ....................checked for error message....................
[INFO ] 2024-04-28 23:58:47.039 [main] LoggerLoad - ....................Launched the browser....................
[INFO ] 2024-04-28 23:58:47.495 [main] LoggerLoad - ....................Launched the URL....................
[INFO ] 2024-04-28 23:58:47.501 [main] LoggerLoad - ....................Checked for home page....................
[INFO ] 2024-04-28 23:58:47.817 [main] LoggerLoad - ....................entered only password and clicked on log in....................
[INFO ] 2024-04-28 23:58:53.084 [main] LoggerLoad - Validate login credentials with null username failed !!! 
[INFO ] 2024-04-28 23:58:53.110 [main] LoggerLoad - ....................Launched the browser....................
[INFO ] 2024-04-28 23:58:53.498 [main] LoggerLoad - ....................Launched the URL....................
[INFO ] 2024-04-28 23:58:53.508 [main] LoggerLoad - ....................Checked for home page....................
[INFO ] 2024-04-28 23:58:53.778 [main] LoggerLoad - ....................entered only user and clicked on log in....................
[INFO ] 2024-04-28 23:58:58.905 [main] LoggerLoad - Validate login credentials with null password failed !!! 
[INFO ] 2024-04-28 23:58:58.921 [main] LoggerLoad - ....................Launched the browser....................
[INFO ] 2024-04-28 23:58:59.222 [main] LoggerLoad - ....................Launched the URL....................
[INFO ] 2024-04-28 23:58:59.225 [main] LoggerLoad - ....................Checked for home page....................
[INFO ] 2024-04-28 23:58:59.326 [main] LoggerLoad - ....................entered VALID credentials and clicked login through keyboard....................
[INFO ] 2024-04-28 23:58:59.505 [main] LoggerLoad - ....................checked for dashboard page....................
[INFO ] 2024-04-28 23:58:59.523 [main] LoggerLoad - ....................Launched the browser....................
[INFO ] 2024-04-28 23:58:59.956 [main] LoggerLoad - ....................Launched the URL....................
[INFO ] 2024-04-28 23:58:59.958 [main] LoggerLoad - ....................Checked for home page....................
[INFO ] 2024-04-28 23:59:00.275 [main] LoggerLoad - ....................entered VALID credentials and clicked login through mouse....................
[INFO ] 2024-04-28 23:59:00.292 [main] LoggerLoad - ....................checked for dashboard page....................
[INFO ] 2024-04-28 23:59:51.092 [main] LoggerLoad - ....................Logged in ....................
[INFO ] 2024-04-28 23:59:51.112 [main] LoggerLoad - ....................Validated the dashboard....................
[INFO ] 2024-04-28 23:59:51.357 [main] LoggerLoad - ....................Batch link clicked....................
[INFO ] 2024-04-28 23:59:51.519 [main] LoggerLoad - Validate landing in Batch page failed !!! 
[INFO ] 2024-04-28 23:59:52.183 [main] LoggerLoad - ....................Logged in ....................
[INFO ] 2024-04-28 23:59:52.206 [main] LoggerLoad - ....................Validated the dashboard....................
[INFO ] 2024-04-28 23:59:52.466 [main] LoggerLoad - ....................Batch link clicked....................
[INFO ] 2024-04-28 23:59:52.468 [main] LoggerLoad - ....................Validated the header....................
[INFO ] 2024-04-28 23:59:53.360 [main] LoggerLoad - ....................Logged in ....................
[INFO ] 2024-04-28 23:59:53.375 [main] LoggerLoad - ....................Validated the dashboard....................
[INFO ] 2024-04-28 23:59:53.624 [main] LoggerLoad - ....................Batch link clicked....................
[INFO ] 2024-04-28 23:59:53.658 [main] LoggerLoad - ....................Validated pagination controls....................
[INFO ] 2024-04-28 23:59:54.341 [main] LoggerLoad - ....................Logged in ....................
[INFO ] 2024-04-28 23:59:54.359 [main] LoggerLoad - ....................Validated the dashboard....................
[INFO ] 2024-04-28 23:59:54.603 [main] LoggerLoad - ....................Batch link clicked....................
[INFO ] 2024-04-28 23:59:54.742 [main] LoggerLoad - ....................Validated the data table with headers....................
[INFO ] 2024-04-28 23:59:55.488 [main] LoggerLoad - ....................Logged in ....................
[INFO ] 2024-04-28 23:59:55.505 [main] LoggerLoad - ....................Validated the dashboard....................
[INFO ] 2024-04-28 23:59:55.800 [main] LoggerLoad - ....................Batch link clicked....................
[INFO ] 2024-04-28 23:59:55.816 [main] LoggerLoad - ....................Validated the disabled delete icon....................
[INFO ] 2024-04-28 23:59:56.498 [main] LoggerLoad - ....................Logged in ....................
[INFO ] 2024-04-28 23:59:56.510 [main] LoggerLoad - ....................Validated the dashboard....................
[INFO ] 2024-04-28 23:59:56.747 [main] LoggerLoad - ....................Batch link clicked....................
[INFO ] 2024-04-28 23:59:56.775 [main] LoggerLoad - ....................Validated the New Batch button....................
[INFO ] 2024-04-28 23:59:57.476 [main] LoggerLoad - ....................Logged in ....................
[INFO ] 2024-04-28 23:59:57.503 [main] LoggerLoad - ....................Validated the dashboard....................
[INFO ] 2024-04-28 23:59:57.802 [main] LoggerLoad - ....................Batch link clicked....................
[INFO ] 2024-04-28 23:59:57.886 [main] LoggerLoad - ....................Validated the checkbox....................
[INFO ] 2024-04-28 23:59:58.543 [main] LoggerLoad - ....................Logged in ....................
[INFO ] 2024-04-28 23:59:58.560 [main] LoggerLoad - ....................Validated the dashboard....................
[INFO ] 2024-04-28 23:59:58.827 [main] LoggerLoad - ....................Batch link clicked....................
[INFO ] 2024-04-28 23:59:58.868 [main] LoggerLoad - ....................Validated the enabled edit icon in each row....................
[INFO ] 2024-04-28 23:59:59.571 [main] LoggerLoad - ....................Logged in ....................
[INFO ] 2024-04-28 23:59:59.602 [main] LoggerLoad - ....................Validated the dashboard....................
[INFO ] 2024-04-28 23:59:59.851 [main] LoggerLoad - ....................Batch link clicked....................
[INFO ] 2024-04-28 23:59:59.900 [main] LoggerLoad - ....................Validated the enabled delete icon in each row....................
[INFO ] 2024-04-29 00:00:00.967 [main] LoggerLoad - ....................Logged in ....................
[INFO ] 2024-04-29 00:00:00.980 [main] LoggerLoad - ....................Validated the dashboard....................
[INFO ] 2024-04-29 00:00:01.225 [main] LoggerLoad - ....................Batch link clicked....................
[INFO ] 2024-04-29 00:00:01.507 [main] LoggerLoad - ....................clicked new batch button....................
[INFO ] 2024-04-29 00:00:01.538 [main] LoggerLoad - ....................New popup window with batch details opened....................
[INFO ] 2024-04-29 00:00:01.592 [main] LoggerLoad - ....................Validated the dashboard....................
[INFO ] 2024-04-29 00:00:01.828 [main] LoggerLoad - Validate landing in User page failed !!! 
[INFO ] 2024-04-29 00:00:01.877 [main] LoggerLoad - ....................Validated the dashboard....................
[INFO ] 2024-04-29 00:00:02.046 [main] LoggerLoad - Validate the heading failed !!! 
[INFO ] 2024-04-29 00:00:02.091 [main] LoggerLoad - ....................Validated the dashboard....................
[INFO ] 2024-04-29 00:00:02.304 [main] LoggerLoad - Validate the text and pagination icon below the data table failed !!! 
[INFO ] 2024-04-29 00:00:02.336 [main] LoggerLoad - ....................Validated the dashboard....................
[INFO ] 2024-04-29 00:00:02.539 [main] LoggerLoad - Validate data table headers in the User Page failed !!! 
[INFO ] 2024-04-29 00:00:02.575 [main] LoggerLoad - ....................Validated the dashboard....................
[INFO ] 2024-04-29 00:00:02.754 [main] LoggerLoad - Validating the default state of Delete button failed !!! 
[INFO ] 2024-04-29 00:00:02.782 [main] LoggerLoad - ....................Validated the dashboard....................
[INFO ] 2024-04-29 00:00:03.052 [main] LoggerLoad - Validate "+ A New user" button in User Page failed !!! 
[INFO ] 2024-04-29 00:00:03.089 [main] LoggerLoad - ....................Validated the dashboard....................
[INFO ] 2024-04-29 00:00:03.271 [main] LoggerLoad - Validate "+ Assign staff"  button in User page failed !!! 
